<?xml version="1.0" encoding="UTF-8"?>
<!-- Generated by org.testng.reporters.JUnitXMLReporter -->
<testsuite hostname="vasu-PC" name="SmokeTesting" tests="6" failures="0" timestamp="4 Jul 2019 01:28:13 GMT" time="30.686" errors="0">
  <testcase name="adminLogin" time="13.408" classname="com.vasu.testng.AdminLoginTest"/>
  <testcase name="method1" time="0.009" classname="com.vasu.testng.AnnotationsTest"/>
  <testcase name="method2" time="0.005" classname="com.vasu.testng.AnnotationsTest"/>
  <testcase name="appLogin" time="0.017" classname="com.vasu.testng.FirstTestNgTest"/>
  <testcase name="appClose" time="0.005" classname="com.vasu.testng.FirstTestNgTest"/>
  <testcase name="appLogin" time="2.349" classname="com.vasu.testng.BeforeAndAfter"/>
</testsuite> <!-- SmokeTesting -->
