<?xml version="1.0" encoding="UTF-8"?>
<!-- Generated by org.testng.reporters.JUnitXMLReporter -->
<testsuite hostname="vasu-PC" name="RegessionTest" tests="2" failures="1" timestamp="8 Jul 2019 01:27:33 GMT" time="17.509" errors="0">
  <testcase name="empAdd" time="6.579" classname="com.vasu.testng.AddEmp"/>
  <testcase name="empList" time="5.003" classname="com.vasu.testng.EmpList">
    <failure type="java.lang.NullPointerException">
      <![CDATA[java.lang.NullPointerException
	at com.vasu.testng.EmpList.empList(EmpList.java:15)
... Removed 24 stack frames]]>
    </failure>
  </testcase> <!-- empList -->
</testsuite> <!-- RegessionTest -->
