<?xml version="1.0" encoding="UTF-8"?>
<testng-results skipped="0" failed="1" total="2" passed="1">
  <reporter-output>
  </reporter-output>
  <suite name="OHRM" duration-ms="17509" started-at="2019-07-08T01:27:16Z" finished-at="2019-07-08T01:27:33Z">
    <groups>
    </groups>
    <test name="RegessionTest" duration-ms="17509" started-at="2019-07-08T01:27:16Z" finished-at="2019-07-08T01:27:33Z">
      <class name="com.vasu.testng.AddEmp">
        <test-method status="PASS" signature="appLaunch()[pri:0, instance:com.vasu.testng.AddEmp@68be2bc2]" name="appLaunch" is-config="true" duration-ms="14452" started-at="2019-07-08T06:57:01Z" finished-at="2019-07-08T06:57:16Z">
          <reporter-output>
          </reporter-output>
        </test-method> <!-- appLaunch -->
        <test-method status="PASS" signature="appLogin()[pri:0, instance:com.vasu.testng.AddEmp@68be2bc2]" name="appLogin" is-config="true" duration-ms="4509" started-at="2019-07-08T06:57:16Z" finished-at="2019-07-08T06:57:20Z">
          <reporter-output>
          </reporter-output>
        </test-method> <!-- appLogin -->
        <test-method status="PASS" signature="empAdd()[pri:0, instance:com.vasu.testng.AddEmp@68be2bc2]" name="empAdd" duration-ms="6579" started-at="2019-07-08T06:57:20Z" finished-at="2019-07-08T06:57:27Z">
          <reporter-output>
          </reporter-output>
        </test-method> <!-- empAdd -->
        <test-method status="PASS" signature="appLogout()[pri:0, instance:com.vasu.testng.AddEmp@68be2bc2]" name="appLogout" is-config="true" duration-ms="1357" started-at="2019-07-08T06:57:32Z" finished-at="2019-07-08T06:57:33Z">
          <reporter-output>
          </reporter-output>
        </test-method> <!-- appLogout -->
        <test-method status="PASS" signature="appClose()[pri:0, instance:com.vasu.testng.AddEmp@68be2bc2]" name="appClose" is-config="true" duration-ms="1250" started-at="2019-07-08T06:57:33Z" finished-at="2019-07-08T06:57:35Z">
          <reporter-output>
          </reporter-output>
        </test-method> <!-- appClose -->
      </class> <!-- com.vasu.testng.AddEmp -->
      <class name="com.vasu.testng.EmpList">
        <test-method status="FAIL" signature="empList()[pri:0, instance:com.vasu.testng.EmpList@28feb3fa]" name="empList" duration-ms="5003" started-at="2019-07-08T06:57:27Z" finished-at="2019-07-08T06:57:32Z">
          <exception class="java.lang.NullPointerException">
            <full-stacktrace>
              <![CDATA[java.lang.NullPointerException
	at com.vasu.testng.EmpList.empList(EmpList.java:15)
	at sun.reflect.NativeMethodAccessorImpl.invoke0(Native Method)
	at sun.reflect.NativeMethodAccessorImpl.invoke(NativeMethodAccessorImpl.java:62)
	at sun.reflect.DelegatingMethodAccessorImpl.invoke(DelegatingMethodAccessorImpl.java:43)
	at java.lang.reflect.Method.invoke(Method.java:498)
	at org.testng.internal.MethodInvocationHelper.invokeMethod(MethodInvocationHelper.java:85)
	at org.testng.internal.Invoker.invokeMethod(Invoker.java:639)
	at org.testng.internal.Invoker.invokeTestMethod(Invoker.java:816)
	at org.testng.internal.Invoker.invokeTestMethods(Invoker.java:1124)
	at org.testng.internal.TestMethodWorker.invokeTestMethods(TestMethodWorker.java:125)
	at org.testng.internal.TestMethodWorker.run(TestMethodWorker.java:108)
	at org.testng.TestRunner.privateRun(TestRunner.java:774)
	at org.testng.TestRunner.run(TestRunner.java:624)
	at org.testng.SuiteRunner.runTest(SuiteRunner.java:359)
	at org.testng.SuiteRunner.runSequentially(SuiteRunner.java:354)
	at org.testng.SuiteRunner.privateRun(SuiteRunner.java:312)
	at org.testng.SuiteRunner.run(SuiteRunner.java:261)
	at org.testng.SuiteRunnerWorker.runSuite(SuiteRunnerWorker.java:52)
	at org.testng.SuiteRunnerWorker.run(SuiteRunnerWorker.java:86)
	at org.testng.TestNG.runSuitesSequentially(TestNG.java:1215)
	at org.testng.TestNG.runSuitesLocally(TestNG.java:1140)
	at org.testng.TestNG.run(TestNG.java:1048)
	at org.testng.remote.AbstractRemoteTestNG.run(AbstractRemoteTestNG.java:114)
	at org.testng.remote.RemoteTestNG.initAndRun(RemoteTestNG.java:251)
	at org.testng.remote.RemoteTestNG.main(RemoteTestNG.java:77)
]]>
            </full-stacktrace>
          </exception> <!-- java.lang.NullPointerException -->
          <reporter-output>
          </reporter-output>
        </test-method> <!-- empList -->
      </class> <!-- com.vasu.testng.EmpList -->
    </test> <!-- RegessionTest -->
  </suite> <!-- OHRM -->
</testng-results>
