<?xml version="1.0" encoding="UTF-8"?>
<testng-results skipped="0" failed="0" total="2" passed="2">
  <reporter-output>
  </reporter-output>
  <suite name="Grid Demo Suite" duration-ms="18085" started-at="2019-07-18T01:27:25Z" finished-at="2019-07-18T01:27:43Z">
    <groups>
    </groups>
    <test name="Login on Chrome" duration-ms="11410" started-at="2019-07-18T01:27:25Z" finished-at="2019-07-18T01:27:36Z">
      <class name="com.vasu.grid.Grid">
        <test-method status="PASS" signature="dropdownTest(java.lang.String)[pri:0, instance:com.vasu.grid.Grid@2b98378d]" name="dropdownTest" duration-ms="11343" started-at="2019-07-18T06:57:25Z" finished-at="2019-07-18T06:57:36Z">
          <params>
            <param index="0">
              <value>
                <![CDATA[chrome]]>
              </value>
            </param>
          </params>
          <reporter-output>
          </reporter-output>
        </test-method> <!-- dropdownTest -->
      </class> <!-- com.vasu.grid.Grid -->
    </test> <!-- Login on Chrome -->
    <test name="Login on Firefox" duration-ms="18085" started-at="2019-07-18T01:27:25Z" finished-at="2019-07-18T01:27:43Z">
      <class name="com.vasu.grid.Grid">
        <test-method status="PASS" signature="dropdownTest(java.lang.String)[pri:0, instance:com.vasu.grid.Grid@d2cc05a]" name="dropdownTest" duration-ms="18031" started-at="2019-07-18T06:57:25Z" finished-at="2019-07-18T06:57:43Z">
          <params>
            <param index="0">
              <value>
                <![CDATA[firefox]]>
              </value>
            </param>
          </params>
          <reporter-output>
          </reporter-output>
        </test-method> <!-- dropdownTest -->
      </class> <!-- com.vasu.grid.Grid -->
    </test> <!-- Login on Firefox -->
  </suite> <!-- Grid Demo Suite -->
</testng-results>
